<?xml version="1.0" encoding="UTF-8"?>
<testng-results skipped="5" failed="1" total="6" passed="0">
  <reporter-output>
  </reporter-output>
  <suite name="My Suite" duration-ms="0" started-at="2013-02-14T12:44:10Z" finished-at="2013-02-14T12:44:10Z">
    <groups>
    </groups>
  </suite> <!-- My Suite -->
  <suite name="PersonalAdministartion" duration-ms="55800" started-at="2013-02-14T12:43:13Z" finished-at="2013-02-14T12:44:09Z">
    <groups>
    </groups>
    <test name="Login" duration-ms="142" started-at="2013-02-14T12:43:13Z" finished-at="2013-02-14T12:43:14Z">
      <class name="com.MyOVS.PersonalAdministration.Login">
        <test-method status="SKIP" signature="checkTestSkip()[pri:0, instance:com.MyOVS.PersonalAdministration.Login@6a9a9631]" name="checkTestSkip" is-config="true" duration-ms="0" started-at="2013-02-14T18:13:13Z" finished-at="2013-02-14T18:13:13Z">
          <exception class="org.testng.SkipException">
            <message>
              <![CDATA[Skipping test case as the Runmode is set to No]]>
            </message>
            <full-stacktrace>
              <![CDATA[org.testng.SkipException: Skipping test case as the Runmode is set to No
	at com.MyOVS.PersonalAdministration.Login.checkTestSkip(Login.java:31)
	at sun.reflect.NativeMethodAccessorImpl.invoke0(Native Method)
	at sun.reflect.NativeMethodAccessorImpl.invoke(Unknown Source)
	at sun.reflect.DelegatingMethodAccessorImpl.invoke(Unknown Source)
	at java.lang.reflect.Method.invoke(Unknown Source)
	at org.testng.internal.MethodInvocationHelper.invokeMethod(MethodInvocationHelper.java:80)
	at org.testng.internal.Invoker.invokeConfigurationMethod(Invoker.java:564)
	at org.testng.internal.Invoker.invokeConfigurations(Invoker.java:213)
	at org.testng.internal.Invoker.invokeConfigurations(Invoker.java:138)
	at org.testng.TestRunner.beforeRun(TestRunner.java:641)
	at org.testng.TestRunner.run(TestRunner.java:609)
	at org.testng.SuiteRunner.runTest(SuiteRunner.java:334)
	at org.testng.SuiteRunner.runSequentially(SuiteRunner.java:329)
	at org.testng.SuiteRunner.privateRun(SuiteRunner.java:291)
	at org.testng.SuiteRunner.run(SuiteRunner.java:240)
	at org.testng.SuiteRunnerWorker.runSuite(SuiteRunnerWorker.java:52)
	at org.testng.SuiteRunnerWorker.run(SuiteRunnerWorker.java:86)
	at org.testng.TestNG.runSuitesSequentially(TestNG.java:1197)
	at org.testng.TestNG.runSuitesSequentially(TestNG.java:1193)
	at org.testng.TestNG.runSuitesLocally(TestNG.java:1122)
	at org.testng.TestNG.run(TestNG.java:1030)
	at org.testng.remote.RemoteTestNG.run(RemoteTestNG.java:111)
	at org.testng.remote.RemoteTestNG.initAndRun(RemoteTestNG.java:204)
	at org.testng.remote.RemoteTestNG.main(RemoteTestNG.java:175)
]]>
            </full-stacktrace>
          </exception> <!-- org.testng.SkipException -->
          <reporter-output>
          </reporter-output>
        </test-method> <!-- checkTestSkip -->
        <test-method status="SKIP" signature="loginTest(java.lang.String, java.lang.String)[pri:0, instance:com.MyOVS.PersonalAdministration.Login@6a9a9631]" name="loginTest" duration-ms="1" started-at="2013-02-14T18:13:14Z" data-provider="getTestData" finished-at="2013-02-14T18:13:14Z">
          <params>
            <param index="0">
              <value>
                <![CDATA[http://stek\smithe:Sales@ovs@192.168.0.90]]>
              </value>
            </param>
            <param index="1">
              <value>
                <![CDATA[Positive]]>
              </value>
            </param>
          </params>
          <reporter-output>
          </reporter-output>
        </test-method> <!-- loginTest -->
        <test-method status="SKIP" signature="reporter()[pri:0, instance:com.MyOVS.PersonalAdministration.Login@6a9a9631]" name="reporter" is-config="true" duration-ms="0" started-at="2013-02-14T18:13:14Z" finished-at="2013-02-14T18:13:14Z">
          <reporter-output>
          </reporter-output>
        </test-method> <!-- reporter -->
        <test-method status="SKIP" signature="loginTest(java.lang.String, java.lang.String)[pri:0, instance:com.MyOVS.PersonalAdministration.Login@6a9a9631]" name="loginTest" duration-ms="1" started-at="2013-02-14T18:13:14Z" data-provider="getTestData" finished-at="2013-02-14T18:13:14Z">
          <params>
            <param index="0">
              <value>
                <![CDATA[http://steks\smithe:Sales@ovss@192.168.0.90]]>
              </value>
            </param>
            <param index="1">
              <value>
                <![CDATA[Negative]]>
              </value>
            </param>
          </params>
          <reporter-output>
          </reporter-output>
        </test-method> <!-- loginTest -->
        <test-method status="SKIP" signature="reporter()[pri:0, instance:com.MyOVS.PersonalAdministration.Login@6a9a9631]" name="reporter" is-config="true" duration-ms="0" started-at="2013-02-14T18:13:14Z" finished-at="2013-02-14T18:13:14Z">
          <reporter-output>
          </reporter-output>
        </test-method> <!-- reporter -->
        <test-method status="SKIP" signature="loginTest(java.lang.String, java.lang.String)[pri:0, instance:com.MyOVS.PersonalAdministration.Login@6a9a9631]" name="loginTest" duration-ms="1" started-at="2013-02-14T18:13:14Z" data-provider="getTestData" finished-at="2013-02-14T18:13:14Z">
          <params>
            <param index="0">
              <value>
                <![CDATA[http://steks\smithe:Sales@ovs@192.168.0.90]]>
              </value>
            </param>
            <param index="1">
              <value>
                <![CDATA[Negative]]>
              </value>
            </param>
          </params>
          <reporter-output>
          </reporter-output>
        </test-method> <!-- loginTest -->
        <test-method status="SKIP" signature="reporter()[pri:0, instance:com.MyOVS.PersonalAdministration.Login@6a9a9631]" name="reporter" is-config="true" duration-ms="0" started-at="2013-02-14T18:13:14Z" finished-at="2013-02-14T18:13:14Z">
          <reporter-output>
          </reporter-output>
        </test-method> <!-- reporter -->
        <test-method status="SKIP" signature="loginTest(java.lang.String, java.lang.String)[pri:0, instance:com.MyOVS.PersonalAdministration.Login@6a9a9631]" name="loginTest" duration-ms="1" started-at="2013-02-14T18:13:14Z" data-provider="getTestData" finished-at="2013-02-14T18:13:14Z">
          <params>
            <param index="0">
              <value>
                <![CDATA[http://steks\smithe:Sales@ovs@192.168.0.90]]>
              </value>
            </param>
            <param index="1">
              <value>
                <![CDATA[Nagative]]>
              </value>
            </param>
          </params>
          <reporter-output>
          </reporter-output>
        </test-method> <!-- loginTest -->
        <test-method status="SKIP" signature="reporter()[pri:0, instance:com.MyOVS.PersonalAdministration.Login@6a9a9631]" name="reporter" is-config="true" duration-ms="0" started-at="2013-02-14T18:13:14Z" finished-at="2013-02-14T18:13:14Z">
          <reporter-output>
          </reporter-output>
        </test-method> <!-- reporter -->
        <test-method status="SKIP" signature="reportTestResult()[pri:0, instance:com.MyOVS.PersonalAdministration.Login@6a9a9631]" name="reportTestResult" is-config="true" duration-ms="0" started-at="2013-02-14T18:13:14Z" finished-at="2013-02-14T18:13:14Z">
          <reporter-output>
          </reporter-output>
        </test-method> <!-- reportTestResult -->
      </class> <!-- com.MyOVS.PersonalAdministration.Login -->
    </test> <!-- Login -->
    <test name="Personal Details" duration-ms="14" started-at="2013-02-14T12:43:14Z" finished-at="2013-02-14T12:43:14Z">
      <class name="com.MyOVS.PersonalAdministration.Personal_Details">
        <test-method status="SKIP" signature="checkTestSkip()[pri:0, instance:com.MyOVS.PersonalAdministration.Personal_Details@262f4873]" name="checkTestSkip" is-config="true" duration-ms="0" started-at="2013-02-14T18:13:14Z" finished-at="2013-02-14T18:13:14Z">
          <exception class="org.testng.SkipException">
            <message>
              <![CDATA[Skipping test case as the Runmode is set to No]]>
            </message>
            <full-stacktrace>
              <![CDATA[org.testng.SkipException: Skipping test case as the Runmode is set to No
	at com.MyOVS.PersonalAdministration.Personal_Details.checkTestSkip(Personal_Details.java:35)
	at sun.reflect.NativeMethodAccessorImpl.invoke0(Native Method)
	at sun.reflect.NativeMethodAccessorImpl.invoke(Unknown Source)
	at sun.reflect.DelegatingMethodAccessorImpl.invoke(Unknown Source)
	at java.lang.reflect.Method.invoke(Unknown Source)
	at org.testng.internal.MethodInvocationHelper.invokeMethod(MethodInvocationHelper.java:80)
	at org.testng.internal.Invoker.invokeConfigurationMethod(Invoker.java:564)
	at org.testng.internal.Invoker.invokeConfigurations(Invoker.java:213)
	at org.testng.internal.Invoker.invokeConfigurations(Invoker.java:138)
	at org.testng.TestRunner.beforeRun(TestRunner.java:641)
	at org.testng.TestRunner.run(TestRunner.java:609)
	at org.testng.SuiteRunner.runTest(SuiteRunner.java:334)
	at org.testng.SuiteRunner.runSequentially(SuiteRunner.java:329)
	at org.testng.SuiteRunner.privateRun(SuiteRunner.java:291)
	at org.testng.SuiteRunner.run(SuiteRunner.java:240)
	at org.testng.SuiteRunnerWorker.runSuite(SuiteRunnerWorker.java:52)
	at org.testng.SuiteRunnerWorker.run(SuiteRunnerWorker.java:86)
	at org.testng.TestNG.runSuitesSequentially(TestNG.java:1197)
	at org.testng.TestNG.runSuitesSequentially(TestNG.java:1193)
	at org.testng.TestNG.runSuitesLocally(TestNG.java:1122)
	at org.testng.TestNG.run(TestNG.java:1030)
	at org.testng.remote.RemoteTestNG.run(RemoteTestNG.java:111)
	at org.testng.remote.RemoteTestNG.initAndRun(RemoteTestNG.java:204)
	at org.testng.remote.RemoteTestNG.main(RemoteTestNG.java:175)
]]>
            </full-stacktrace>
          </exception> <!-- org.testng.SkipException -->
          <reporter-output>
          </reporter-output>
        </test-method> <!-- checkTestSkip -->
        <test-method status="SKIP" signature="modifyPersonalDetails()[pri:0, instance:com.MyOVS.PersonalAdministration.Personal_Details@262f4873]" name="modifyPersonalDetails" duration-ms="5" started-at="2013-02-14T18:13:14Z" finished-at="2013-02-14T18:13:14Z">
          <reporter-output>
          </reporter-output>
        </test-method> <!-- modifyPersonalDetails -->
        <test-method status="SKIP" signature="reporter()[pri:0, instance:com.MyOVS.PersonalAdministration.Personal_Details@262f4873]" name="reporter" is-config="true" duration-ms="0" started-at="2013-02-14T18:13:14Z" finished-at="2013-02-14T18:13:14Z">
          <reporter-output>
          </reporter-output>
        </test-method> <!-- reporter -->
        <test-method status="SKIP" signature="reportTestResult()[pri:0, instance:com.MyOVS.PersonalAdministration.Personal_Details@262f4873]" name="reportTestResult" is-config="true" duration-ms="0" started-at="2013-02-14T18:13:14Z" finished-at="2013-02-14T18:13:14Z">
          <reporter-output>
          </reporter-output>
        </test-method> <!-- reportTestResult -->
      </class> <!-- com.MyOVS.PersonalAdministration.Personal_Details -->
    </test> <!-- Personal Details -->
    <test name="Family" duration-ms="55441" started-at="2013-02-14T12:43:14Z" finished-at="2013-02-14T12:44:09Z">
      <class name="com.MyOVS.PersonalAdministration.Family_Member">
        <test-method status="PASS" signature="checkSuiteSkip()[pri:0, instance:com.MyOVS.PersonalAdministration.Family_Member@1741055a]" name="checkSuiteSkip" is-config="true" duration-ms="1743" started-at="2013-02-14T18:13:12Z" finished-at="2013-02-14T18:13:13Z">
          <reporter-output>
          </reporter-output>
        </test-method> <!-- checkSuiteSkip -->
        <test-method status="PASS" signature="checkTestSkip()[pri:0, instance:com.MyOVS.PersonalAdministration.Family_Member@1741055a]" name="checkTestSkip" is-config="true" duration-ms="2" started-at="2013-02-14T18:13:14Z" finished-at="2013-02-14T18:13:14Z">
          <reporter-output>
          </reporter-output>
        </test-method> <!-- checkTestSkip -->
        <test-method status="FAIL" signature="familyMember()[pri:0, instance:com.MyOVS.PersonalAdministration.Family_Member@1741055a]" name="familyMember" duration-ms="54845" started-at="2013-02-14T18:13:14Z" description="Adding a Family member" finished-at="2013-02-14T18:14:09Z">
          <exception class="org.openqa.selenium.WebDriverException">
            <message>
              <![CDATA[Failed to connect to binary FirefoxBinary(C:\Program Files (x86)\Mozilla Firefox\firefox.exe) on port 7055; process output follows: 
*** LOG addons.manager: Application has been upgraded
*** LOG addons.xpi: startup
*** LOG addons.xpi: Skipping unavailable install location app-system-local
*** LOG addons.xpi: Skipping unavailable install location app-system-share
*** LOG addons.xpi: Ignoring file entry whose name is not a valid add-on ID: C:\Users\SUREND~1.CHE\AppData\Local\Temp\anonymous8561946150296603809webdriver-profile\extensions\webdriver-staging
*** LOG addons.xpi: checkForChanges
*** LOG addons.xpi-utils: Opening database
*** LOG addons.xpi-utils: Creating database schema
*** LOG addons.xpi: New add-on fxdriver@googlecode.com installed in app-profile
*** LOG addons.xpi: New add-on {82AF8DCA-6DE9-405D-BD5E-43525BDAD38A} installed in app-global
*** LOG addons.xpi: New add-on {972ce4c6-7e08-4474-a285-3208198ce6fd} installed in app-global
*** LOG addons.xpi: New add-on {BBDA0591-3099-440a-AA10-41764D9DB4DB} installed in winreg-app-global
*** LOG addons.xpi: New add-on wcapturex@deskperience.com installed in winreg-app-global
*** LOG addons.xpi: New add-on {4ED1F68A-5463-4931-9384-8FFF5ED91D92} installed in winreg-app-global
*** LOG addons.xpi: Updating database with changes to installed add-ons
*** LOG addons.xpi-utils: Updating add-on states
*** LOG addons.xpi-utils: Writing add-ons list
*** LOG addons.manager: shutdown
*** LOG addons.xpi: shutdown
*** LOG addons.xpi-utils: shutdown
*** LOG addons.xpi-utils: Database closed
*** LOG addons.xpi: startup
*** LOG addons.xpi: Skipping unavailable install location app-system-local
*** LOG addons.xpi: Skipping unavailable install location app-system-share
*** LOG addons.xpi: Ignoring file entry whose name is not a valid add-on ID: C:\Users\SUREND~1.CHE\AppData\Local\Temp\anonymous8561946150296603809webdriver-profile\extensions\webdriver-staging
*** LOG addons.xpi: checkForChanges
*** LOG addons.xpi: No changes found

Build info: version: '2.25.0', revision: '17482', time: '2012-07-18 21:09:54'
System info: os.name: 'Windows 7', os.arch: 'amd64', os.version: '6.1', java.version: '1.7.0_02'
Driver info: driver.version: FirefoxDriver]]>
            </message>
            <full-stacktrace>
              <![CDATA[org.openqa.selenium.WebDriverException: Failed to connect to binary FirefoxBinary(C:\Program Files (x86)\Mozilla Firefox\firefox.exe) on port 7055; process output follows: 
*** LOG addons.manager: Application has been upgraded
*** LOG addons.xpi: startup
*** LOG addons.xpi: Skipping unavailable install location app-system-local
*** LOG addons.xpi: Skipping unavailable install location app-system-share
*** LOG addons.xpi: Ignoring file entry whose name is not a valid add-on ID: C:\Users\SUREND~1.CHE\AppData\Local\Temp\anonymous8561946150296603809webdriver-profile\extensions\webdriver-staging
*** LOG addons.xpi: checkForChanges
*** LOG addons.xpi-utils: Opening database
*** LOG addons.xpi-utils: Creating database schema
*** LOG addons.xpi: New add-on fxdriver@googlecode.com installed in app-profile
*** LOG addons.xpi: New add-on {82AF8DCA-6DE9-405D-BD5E-43525BDAD38A} installed in app-global
*** LOG addons.xpi: New add-on {972ce4c6-7e08-4474-a285-3208198ce6fd} installed in app-global
*** LOG addons.xpi: New add-on {BBDA0591-3099-440a-AA10-41764D9DB4DB} installed in winreg-app-global
*** LOG addons.xpi: New add-on wcapturex@deskperience.com installed in winreg-app-global
*** LOG addons.xpi: New add-on {4ED1F68A-5463-4931-9384-8FFF5ED91D92} installed in winreg-app-global
*** LOG addons.xpi: Updating database with changes to installed add-ons
*** LOG addons.xpi-utils: Updating add-on states
*** LOG addons.xpi-utils: Writing add-ons list
*** LOG addons.manager: shutdown
*** LOG addons.xpi: shutdown
*** LOG addons.xpi-utils: shutdown
*** LOG addons.xpi-utils: Database closed
*** LOG addons.xpi: startup
*** LOG addons.xpi: Skipping unavailable install location app-system-local
*** LOG addons.xpi: Skipping unavailable install location app-system-share
*** LOG addons.xpi: Ignoring file entry whose name is not a valid add-on ID: C:\Users\SUREND~1.CHE\AppData\Local\Temp\anonymous8561946150296603809webdriver-profile\extensions\webdriver-staging
*** LOG addons.xpi: checkForChanges
*** LOG addons.xpi: No changes found

Build info: version: '2.25.0', revision: '17482', time: '2012-07-18 21:09:54'
System info: os.name: 'Windows 7', os.arch: 'amd64', os.version: '6.1', java.version: '1.7.0_02'
Driver info: driver.version: FirefoxDriver
	at org.openqa.selenium.firefox.internal.NewProfileExtensionConnection.start(NewProfileExtensionConnection.java:121)
	at org.openqa.selenium.firefox.FirefoxDriver.startClient(FirefoxDriver.java:245)
	at org.openqa.selenium.remote.RemoteWebDriver.<init>(RemoteWebDriver.java:109)
	at org.openqa.selenium.firefox.FirefoxDriver.<init>(FirefoxDriver.java:185)
	at org.openqa.selenium.firefox.FirefoxDriver.<init>(FirefoxDriver.java:178)
	at org.openqa.selenium.firefox.FirefoxDriver.<init>(FirefoxDriver.java:174)
	at org.openqa.selenium.firefox.FirefoxDriver.<init>(FirefoxDriver.java:92)
	at com.MyOVS.PersonalAdministration.TestSuiteBase.openBrowser(TestSuiteBase.java:69)
	at com.MyOVS.PersonalAdministration.Family_Member.familyMember(Family_Member.java:50)
	at sun.reflect.NativeMethodAccessorImpl.invoke0(Native Method)
	at sun.reflect.NativeMethodAccessorImpl.invoke(Unknown Source)
	at sun.reflect.DelegatingMethodAccessorImpl.invoke(Unknown Source)
	at java.lang.reflect.Method.invoke(Unknown Source)
	at org.testng.internal.MethodInvocationHelper.invokeMethod(MethodInvocationHelper.java:80)
	at org.testng.internal.Invoker.invokeMethod(Invoker.java:714)
	at org.testng.internal.Invoker.invokeTestMethod(Invoker.java:901)
	at org.testng.internal.Invoker.invokeTestMethods(Invoker.java:1231)
	at org.testng.internal.TestMethodWorker.invokeTestMethods(TestMethodWorker.java:127)
	at org.testng.internal.TestMethodWorker.run(TestMethodWorker.java:111)
	at org.testng.TestRunner.privateRun(TestRunner.java:767)
	at org.testng.TestRunner.run(TestRunner.java:617)
	at org.testng.SuiteRunner.runTest(SuiteRunner.java:334)
	at org.testng.SuiteRunner.runSequentially(SuiteRunner.java:329)
	at org.testng.SuiteRunner.privateRun(SuiteRunner.java:291)
	at org.testng.SuiteRunner.run(SuiteRunner.java:240)
	at org.testng.SuiteRunnerWorker.runSuite(SuiteRunnerWorker.java:52)
	at org.testng.SuiteRunnerWorker.run(SuiteRunnerWorker.java:86)
	at org.testng.TestNG.runSuitesSequentially(TestNG.java:1197)
	at org.testng.TestNG.runSuitesSequentially(TestNG.java:1193)
	at org.testng.TestNG.runSuitesLocally(TestNG.java:1122)
	at org.testng.TestNG.run(TestNG.java:1030)
	at org.testng.remote.RemoteTestNG.run(RemoteTestNG.java:111)
	at org.testng.remote.RemoteTestNG.initAndRun(RemoteTestNG.java:204)
	at org.testng.remote.RemoteTestNG.main(RemoteTestNG.java:175)
Caused by: org.openqa.selenium.firefox.NotConnectedException: Unable to connect to host 127.0.0.1 on port 7055 after 45000 ms. Firefox console output:
*** LOG addons.manager: Application has been upgraded
*** LOG addons.xpi: startup
*** LOG addons.xpi: Skipping unavailable install location app-system-local
*** LOG addons.xpi: Skipping unavailable install location app-system-share
*** LOG addons.xpi: Ignoring file entry whose name is not a valid add-on ID: C:\Users\SUREND~1.CHE\AppData\Local\Temp\anonymous8561946150296603809webdriver-profile\extensions\webdriver-staging
*** LOG addons.xpi: checkForChanges
*** LOG addons.xpi-utils: Opening database
*** LOG addons.xpi-utils: Creating database schema
*** LOG addons.xpi: New add-on fxdriver@googlecode.com installed in app-profile
*** LOG addons.xpi: New add-on {82AF8DCA-6DE9-405D-BD5E-43525BDAD38A} installed in app-global
*** LOG addons.xpi: New add-on {972ce4c6-7e08-4474-a285-3208198ce6fd} installed in app-global
*** LOG addons.xpi: New add-on {BBDA0591-3099-440a-AA10-41764D9DB4DB} installed in winreg-app-global
*** LOG addons.xpi: New add-on wcapturex@deskperience.com installed in winreg-app-global
*** LOG addons.xpi: New add-on {4ED1F68A-5463-4931-9384-8FFF5ED91D92} installed in winreg-app-global
*** LOG addons.xpi: Updating database with changes to installed add-ons
*** LOG addons.xpi-utils: Updating add-on states
*** LOG addons.xpi-utils: Writing add-ons list
*** LOG addons.manager: shutdown
*** LOG addons.xpi: shutdown
*** LOG addons.xpi-utils: shutdown
*** LOG addons.xpi-utils: Database closed
*** LOG addons.xpi: startup
*** LOG addons.xpi: Skipping unavailable install location app-system-local
*** LOG addons.xpi: Skipping unavailable install location app-system-share
*** LOG addons.xpi: Ignoring file entry whose name is not a valid add-on ID: C:\Users\SUREND~1.CHE\AppData\Local\Temp\anonymous8561946150296603809webdriver-profile\extensions\webdriver-staging
*** LOG addons.xpi: checkForChanges
*** LOG addons.xpi: No changes found

	at org.openqa.selenium.firefox.internal.NewProfileExtensionConnection.start(NewProfileExtensionConnection.java:109)
	... 33 more
]]>
            </full-stacktrace>
          </exception> <!-- org.openqa.selenium.WebDriverException -->
          <reporter-output>
          </reporter-output>
        </test-method> <!-- familyMember -->
        <test-method status="PASS" signature="reporter()[pri:0, instance:com.MyOVS.PersonalAdministration.Family_Member@1741055a]" name="reporter" is-config="true" duration-ms="106" started-at="2013-02-14T18:14:09Z" finished-at="2013-02-14T18:14:09Z">
          <reporter-output>
          </reporter-output>
        </test-method> <!-- reporter -->
        <test-method status="PASS" signature="reportTestResult()[pri:0, instance:com.MyOVS.PersonalAdministration.Family_Member@1741055a]" name="reportTestResult" is-config="true" duration-ms="471" started-at="2013-02-14T18:14:09Z" finished-at="2013-02-14T18:14:09Z">
          <reporter-output>
          </reporter-output>
        </test-method> <!-- reportTestResult -->
      </class> <!-- com.MyOVS.PersonalAdministration.Family_Member -->
    </test> <!-- Family -->
  </suite> <!-- PersonalAdministartion -->
</testng-results>
