<html xmlns:math="http://exslt.org/math" xmlns:testng="http://testng.org">
   <head>
      <title>TestNG Results</title>
      <meta http-equiv="content-type" content="text/html; charset=utf-8"></meta>
      <meta http-equiv="pragma" content="no-cache"></meta>
      <meta http-equiv="cache-control" content="max-age=0"></meta>
      <meta http-equiv="cache-control" content="no-cache"></meta>
      <meta http-equiv="cache-control" content="no-store"></meta>
      <LINK rel="stylesheet" href="style.css"></LINK>
      <script type="text/javascript" src="main.js"></script>
   </head>
   <body>
      <table width="100%" style="font-size: 16px; margin-bottom: 10px;" cellspacing="1">
         <tr>
            <td width="100%">
               Test case
               
               <b>Family</b>
            </td>
            <td style="background-color: #FFBBBB; padding: 3px 3px 3px 0;" align="center">
               <div style="width: 50px;">1</div>
            </td>
            <td style="background-color: lightgreen; padding: 3px 3px 3px 0;" align="center">
               <div style="width: 50px;">0</div>
            </td>
            <td style="background-color: #FFFFBB; padding: 3px 3px 3px 0;" align="center">
               <div style="width: 50px;">0</div>
            </td>
            <td align="center" style="background-color: #eaf0f7; padding: 3px 3px 3px 0;">
               <div style="width: 50px;">1</div>
            </td>
            <td align="center"
                style="font-weight: bold; background-color: #eaf0f7; padding: 3px 3px 3px 0;">
               <div style="width: 50px;">0%</div>
            </td>
            <td style="background-color: #eaf0f7; padding: 3px 3px 3px 0;" align="center"
                nowrap="true">1m
               13s
               
            </td>
         </tr>
      </table>
      <div style="width: 200px;">
         <label for="groupMethodsCheckBox" style="font-weight: bold; margin: 0;">
            <input id="groupMethodsCheckBox" type="checkbox" onclick="switchTestMethodsView(this)"></input>
            Group by class
            
         </label>
         <br></br>
         <label for="methodsFilter_ALL" style="font-weight: bold; margin: 0;">
            <input id="methodsFilter_ALL" type="checkbox"
                   onclick="testMethodsFilterChanged(this, 'ALL')"></input>
            All
            
         </label>
      </div>
      <label for="methodsFilter_FAIL" style="margin-left: 20px;">
         <input id="methodsFilter_FAIL" type="checkbox"
                onclick="testMethodsFilterChanged(this, 'FAIL')"
                checked=""></input>
         Failed
         
      </label>
      <label for="methodsFilter_PASS">
         <input id="methodsFilter_PASS" type="checkbox"
                onclick="testMethodsFilterChanged(this, 'PASS')"
                checked=""></input>
         Passed
         
      </label>
      <label for="methodsFilter_SKIP">
         <input id="methodsFilter_SKIP" type="checkbox"
                onclick="testMethodsFilterChanged(this, 'SKIP')"
                checked=""></input>
         Skipped
         
      </label>
      <label for="methodsFilter_CONF">
         <input id="methodsFilter_CONF" type="checkbox"
                onclick="testMethodsFilterChanged(this, 'CONF')"></input>
         Config
         
      </label>
      <br></br>
      <div id="testMethodsByStatus">
         <table class="testMethodsTable" cellpadding="0" cellspacing="0">
            <tr class="methodsTableHeader">
               <td width="100%">Name</td>
               <td nowrap="true">Started</td>
               <td nowrap="true">Duration</td>
               <td>Exception</td>
            </tr>
            <tr id="com.MyOVS.PersonalAdministration.Family_Member_familyMember_byStatus_failed_FAIL1_row"
                class="testMethodStatusFAIL">
               <td width="100%" class="firstMethodCell">
                  <a onclick="toggleDetailsVisibility('com.MyOVS.PersonalAdministration.Family_Member_familyMember_byStatus_failed_FAIL1_details')">familyMember()</a>
               </td>
               <td nowrap="true">15:20:28</td>
               <td nowrap="true" align="right">1m
                  12s
                  
               </td>
               <td nowrap="true">
                  <a onclick="toggleDetailsVisibility('com.MyOVS.PersonalAdministration.Family_Member_familyMember_byStatus_failed_FAIL1_exception')">org.openqa.selenium.NoSuchElementException: 
                     Unable to locate element: {"method":"xpath","selector":"//div[contains(@id, 'Samuel John4')]"}
                     Command duration or timeout: 20.04 seconds
                     For documentation on this error, please visit: http://seleniumhq.org/exceptions/no_such_element.html
                     Build info: version: '2.25.0', revision: '17482', time: '2012-07-18 21:09:54'
                     System info: os.name: 'Windows 7', os.arch: 'amd64', os.version: '6.1', java.version: '1.7.0_02'
                     Driver info: driver.version: RemoteWebDriver
                     Session ID: 71c860b0-1f61-43a0-a12a-da60a272dcaa
                     
                  </a>
                  Â 
                  
               </td>
            </tr>
            <tr>
               <td colspan="4" class="detailsBox">
                  <div id="com.MyOVS.PersonalAdministration.Family_Member_familyMember_byStatus_failed_FAIL1_details"
                       class="testMethodDetails">
                     <div>
                        <b>Name: </b>familyMember
                     </div>
                     <div>
                        <b>Description: </b>Adding a Family member
                     </div>
                     <div>
                        <b>Signature: </b>familyMember()
                     </div>
                     <div>
                        <b>Start time: </b>15:20:28
                     </div>
                     <div>
                        <b>End time: </b>15:21:41
                     </div>
                     <div>
                        <b>Duration: </b>1m
                        12s
                        
                     </div>
                  </div>
               </td>
            </tr>
            <tr>
               <td colspan="4" class="detailsBox">
                  <div id="com.MyOVS.PersonalAdministration.Family_Member_familyMember_byStatus_failed_FAIL1_exception"
                       class="testMethodDetails">
                     <pre style="padding: 5px; margin: 0;">org.openqa.selenium.NoSuchElementException: Unable to locate element: {"method":"xpath","selector":"//div[contains(@id, 'Samuel
                        John4')]"}
                        Command duration or timeout: 20.04 seconds
                        For documentation on this error, please visit: http://seleniumhq.org/exceptions/no_such_element.html
                        Build info: version: '2.25.0', revision: '17482', time: '2012-07-18 21:09:54'
                        System info: os.name: 'Windows 7', os.arch: 'amd64', os.version: '6.1', java.version: '1.7.0_02'
                        Driver info: driver.version: RemoteWebDriver
                        Session ID: 71c860b0-1f61-43a0-a12a-da60a272dcaa
                        	at sun.reflect.NativeConstructorAccessorImpl.newInstance0(Native Method)
                        	at sun.reflect.NativeConstructorAccessorImpl.newInstance(NativeConstructorAccessorImpl.java:57)
                        	at sun.reflect.DelegatingConstructorAccessorImpl.newInstance(DelegatingConstructorAccessorImpl.java:45)
                        	at java.lang.reflect.Constructor.newInstance(Constructor.java:525)
                        	at org.openqa.selenium.remote.ErrorHandler.createThrowable(ErrorHandler.java:188)
                        	at org.openqa.selenium.remote.ErrorHandler.throwIfResponseFailed(ErrorHandler.java:145)
                        	at org.openqa.selenium.remote.RemoteWebDriver.execute(RemoteWebDriver.java:498)
                        	at org.openqa.selenium.remote.RemoteWebDriver.findElement(RemoteWebDriver.java:268)
                        	at org.openqa.selenium.remote.RemoteWebDriver.findElementByXPath(RemoteWebDriver.java:353)
                        	at org.openqa.selenium.By$ByXPath.findElement(By.java:343)
                        	at org.openqa.selenium.remote.RemoteWebDriver.findElement(RemoteWebDriver.java:260)
                        	at com.MyOVS.PersonalAdministration.Family_Member.familyMember(Family_Member.java:118)
                        	at sun.reflect.NativeMethodAccessorImpl.invoke0(Native Method)
                        	at sun.reflect.NativeMethodAccessorImpl.invoke(NativeMethodAccessorImpl.java:57)
                        	at sun.reflect.DelegatingMethodAccessorImpl.invoke(DelegatingMethodAccessorImpl.java:43)
                        	at java.lang.reflect.Method.invoke(Method.java:601)
                        	at org.testng.internal.MethodInvocationHelper.invokeMethod(MethodInvocationHelper.java:76)
                        	at org.testng.internal.Invoker.invokeMethod(Invoker.java:673)
                        	at org.testng.internal.Invoker.invokeTestMethod(Invoker.java:846)
                        	at org.testng.internal.Invoker.invokeTestMethods(Invoker.java:1170)
                        	at org.testng.internal.TestMethodWorker.invokeTestMethods(TestMethodWorker.java:125)
                        	at org.testng.internal.TestMethodWorker.run(TestMethodWorker.java:109)
                        	at org.testng.TestRunner.runWorkers(TestRunner.java:1147)
                        	at org.testng.TestRunner.privateRun(TestRunner.java:749)
                        	at org.testng.TestRunner.run(TestRunner.java:600)
                        	at org.testng.SuiteRunner.runTest(SuiteRunner.java:317)
                        	at org.testng.SuiteRunner.runSequentially(SuiteRunner.java:312)
                        	at org.testng.SuiteRunner.privateRun(SuiteRunner.java:274)
                        	at org.testng.SuiteRunner.run(SuiteRunner.java:223)
                        	at org.testng.SuiteRunnerWorker.runSuite(SuiteRunnerWorker.java:52)
                        	at org.testng.SuiteRunnerWorker.run(SuiteRunnerWorker.java:86)
                        	at org.testng.TestNG.runSuitesSequentially(TestNG.java:1039)
                        	at org.testng.TestNG.runSuitesSequentially(TestNG.java:1035)
                        	at org.testng.TestNG.runSuitesLocally(TestNG.java:964)
                        	at org.testng.TestNG.run(TestNG.java:900)
                        	at org.testng.TestNG.privateMain(TestNG.java:1182)
                        	at org.testng.TestNG.main(TestNG.java:1146)
                        Caused by: org.openqa.selenium.remote.ErrorHandler$UnknownServerException: Unable to locate element: {"method":"xpath","selector":"//div[contains(@id,
                        'Samuel John4')]"}
                        Build info: version: '2.25.0', revision: '17482', time: '2012-07-18 21:09:54'
                        System info: os.name: 'Windows 7', os.arch: 'amd64', os.version: '6.1', java.version: '1.7.0_02'
                        Driver info: driver.version: unknown
                        	at &lt;anonymous class&gt;.&lt;anonymous method&gt;(file:///C:/Users/SUREND~1.CHE/AppData/Local/Temp/anonymous7965534240370356202webdriver-profile/extensions/fxdriver@googlecode.com/components/driver_component.js:6607)
                        	at &lt;anonymous class&gt;.&lt;anonymous method&gt;(file:///C:/Users/SUREND~1.CHE/AppData/Local/Temp/anonymous7965534240370356202webdriver-profile/extensions/fxdriver@googlecode.com/components/driver_component.js:471)
                     </pre>
                  </div>
               </td>
            </tr>
            <tr id="com.MyOVS.PersonalAdministration.Family_Member_checkSuiteSkip_byStatus_passed_PASS1_row"
                class="testMethodStatusPASS testMethodStatusCONF">
               <td width="100%" class="firstMethodCell">
                  <a onclick="toggleDetailsVisibility('com.MyOVS.PersonalAdministration.Family_Member_checkSuiteSkip_byStatus_passed_PASS1_details')">checkSuiteSkip()</a>
               </td>
               <td nowrap="true">15:20:27</td>
               <td nowrap="true" align="right">1s
                  
               </td>
               <td nowrap="true">
                  Â 
                  
               </td>
            </tr>
            <tr>
               <td colspan="4" class="detailsBox">
                  <div id="com.MyOVS.PersonalAdministration.Family_Member_checkSuiteSkip_byStatus_passed_PASS1_details"
                       class="testMethodDetails">
                     <div>
                        <b>Name: </b>checkSuiteSkip
                     </div>
                     <div>
                        <b>Signature: </b>checkSuiteSkip()
                     </div>
                     <div>
                        <b>Start time: </b>15:20:27
                     </div>
                     <div>
                        <b>End time: </b>15:20:28
                     </div>
                     <div>
                        <b>Duration: </b>1s
                        
                     </div>
                  </div>
               </td>
            </tr>
            <tr></tr>
            <tr id="com.MyOVS.PersonalAdministration.Family_Member_checkTestSkip_byStatus_passed_PASS2_row"
                class="testMethodStatusPASS testMethodStatusCONF">
               <td width="100%" class="firstMethodCell">
                  <a onclick="toggleDetailsVisibility('com.MyOVS.PersonalAdministration.Family_Member_checkTestSkip_byStatus_passed_PASS2_details')">checkTestSkip()</a>
               </td>
               <td nowrap="true">15:20:28</td>
               <td nowrap="true" align="right">6Â ms
                  
               </td>
               <td nowrap="true">
                  Â 
                  
               </td>
            </tr>
            <tr>
               <td colspan="4" class="detailsBox">
                  <div id="com.MyOVS.PersonalAdministration.Family_Member_checkTestSkip_byStatus_passed_PASS2_details"
                       class="testMethodDetails">
                     <div>
                        <b>Name: </b>checkTestSkip
                     </div>
                     <div>
                        <b>Signature: </b>checkTestSkip()
                     </div>
                     <div>
                        <b>Start time: </b>15:20:28
                     </div>
                     <div>
                        <b>End time: </b>15:20:28
                     </div>
                     <div>
                        <b>Duration: </b>6Â ms
                        
                     </div>
                  </div>
               </td>
            </tr>
            <tr></tr>
            <tr id="com.MyOVS.PersonalAdministration.Family_Member_reporter_byStatus_passed_PASS3_row"
                class="testMethodStatusPASS testMethodStatusCONF">
               <td width="100%" class="firstMethodCell">
                  <a onclick="toggleDetailsVisibility('com.MyOVS.PersonalAdministration.Family_Member_reporter_byStatus_passed_PASS3_details')">reporter()</a>
               </td>
               <td nowrap="true">15:21:41</td>
               <td nowrap="true" align="right">65Â ms
                  
               </td>
               <td nowrap="true">
                  Â 
                  
               </td>
            </tr>
            <tr>
               <td colspan="4" class="detailsBox">
                  <div id="com.MyOVS.PersonalAdministration.Family_Member_reporter_byStatus_passed_PASS3_details"
                       class="testMethodDetails">
                     <div>
                        <b>Name: </b>reporter
                     </div>
                     <div>
                        <b>Signature: </b>reporter()
                     </div>
                     <div>
                        <b>Start time: </b>15:21:41
                     </div>
                     <div>
                        <b>End time: </b>15:21:41
                     </div>
                     <div>
                        <b>Duration: </b>65Â ms
                        
                     </div>
                  </div>
               </td>
            </tr>
            <tr></tr>
            <tr id="com.MyOVS.PersonalAdministration.Family_Member_reportTestResult_byStatus_passed_PASS4_row"
                class="testMethodStatusPASS testMethodStatusCONF">
               <td width="100%" class="firstMethodCell">
                  <a onclick="toggleDetailsVisibility('com.MyOVS.PersonalAdministration.Family_Member_reportTestResult_byStatus_passed_PASS4_details')">reportTestResult()</a>
               </td>
               <td nowrap="true">15:21:41</td>
               <td nowrap="true" align="right">643Â ms
                  
               </td>
               <td nowrap="true">
                  Â 
                  
               </td>
            </tr>
            <tr>
               <td colspan="4" class="detailsBox">
                  <div id="com.MyOVS.PersonalAdministration.Family_Member_reportTestResult_byStatus_passed_PASS4_details"
                       class="testMethodDetails">
                     <div>
                        <b>Name: </b>reportTestResult
                     </div>
                     <div>
                        <b>Signature: </b>reportTestResult()
                     </div>
                     <div>
                        <b>Start time: </b>15:21:41
                     </div>
                     <div>
                        <b>End time: </b>15:21:42
                     </div>
                     <div>
                        <b>Duration: </b>643Â ms
                        
                     </div>
                  </div>
               </td>
            </tr>
            <tr></tr>
         </table>
      </div>
      <div id="testMethodsByClass" style="display: none;">
         <table class="testMethodsTable" cellpadding="0" cellspacing="0">
            <tr>
               <td colspan="4">
                  <h3 style="display: inline;">com.MyOVS.PersonalAdministration.Family_Member</h3>
               </td>
            </tr>
            <tr class="methodsTableHeader">
               <td width="100%">Name</td>
               <td nowrap="true">Started</td>
               <td nowrap="true">Duration</td>
               <td>Exception</td>
            </tr>
            <tr id="com.MyOVS.PersonalAdministration.Family_Member_checkSuiteSkip_byClass_PASS1_row"
                class="testMethodStatusPASS testMethodStatusCONF">
               <td width="100%" class="firstMethodCell">
                  <a onclick="toggleDetailsVisibility('com.MyOVS.PersonalAdministration.Family_Member_checkSuiteSkip_byClass_PASS1_details')">checkSuiteSkip()</a>
               </td>
               <td nowrap="true">15:20:27</td>
               <td nowrap="true" align="right">1s
                  
               </td>
               <td nowrap="true">
                  Â 
                  
               </td>
            </tr>
            <tr>
               <td colspan="4" class="detailsBox">
                  <div id="com.MyOVS.PersonalAdministration.Family_Member_checkSuiteSkip_byClass_PASS1_details"
                       class="testMethodDetails">
                     <div>
                        <b>Name: </b>checkSuiteSkip
                     </div>
                     <div>
                        <b>Signature: </b>checkSuiteSkip()
                     </div>
                     <div>
                        <b>Start time: </b>15:20:27
                     </div>
                     <div>
                        <b>End time: </b>15:20:28
                     </div>
                     <div>
                        <b>Duration: </b>1s
                        
                     </div>
                  </div>
               </td>
            </tr>
            <tr></tr>
            <tr id="com.MyOVS.PersonalAdministration.Family_Member_checkTestSkip_byClass_PASS2_row"
                class="testMethodStatusPASS testMethodStatusCONF">
               <td width="100%" class="firstMethodCell">
                  <a onclick="toggleDetailsVisibility('com.MyOVS.PersonalAdministration.Family_Member_checkTestSkip_byClass_PASS2_details')">checkTestSkip()</a>
               </td>
               <td nowrap="true">15:20:28</td>
               <td nowrap="true" align="right">6Â ms
                  
               </td>
               <td nowrap="true">
                  Â 
                  
               </td>
            </tr>
            <tr>
               <td colspan="4" class="detailsBox">
                  <div id="com.MyOVS.PersonalAdministration.Family_Member_checkTestSkip_byClass_PASS2_details"
                       class="testMethodDetails">
                     <div>
                        <b>Name: </b>checkTestSkip
                     </div>
                     <div>
                        <b>Signature: </b>checkTestSkip()
                     </div>
                     <div>
                        <b>Start time: </b>15:20:28
                     </div>
                     <div>
                        <b>End time: </b>15:20:28
                     </div>
                     <div>
                        <b>Duration: </b>6Â ms
                        
                     </div>
                  </div>
               </td>
            </tr>
            <tr></tr>
            <tr id="com.MyOVS.PersonalAdministration.Family_Member_familyMember_byClass_FAIL3_row"
                class="testMethodStatusFAIL">
               <td width="100%" class="firstMethodCell">
                  <a onclick="toggleDetailsVisibility('com.MyOVS.PersonalAdministration.Family_Member_familyMember_byClass_FAIL3_details')">familyMember()</a>
               </td>
               <td nowrap="true">15:20:28</td>
               <td nowrap="true" align="right">1m
                  12s
                  
               </td>
               <td nowrap="true">
                  <a onclick="toggleDetailsVisibility('com.MyOVS.PersonalAdministration.Family_Member_familyMember_byClass_FAIL3_exception')">org.openqa.selenium.NoSuchElementException: 
                     Unable to locate element: {"method":"xpath","selector":"//div[contains(@id, 'Samuel John4')]"}
                     Command duration or timeout: 20.04 seconds
                     For documentation on this error, please visit: http://seleniumhq.org/exceptions/no_such_element.html
                     Build info: version: '2.25.0', revision: '17482', time: '2012-07-18 21:09:54'
                     System info: os.name: 'Windows 7', os.arch: 'amd64', os.version: '6.1', java.version: '1.7.0_02'
                     Driver info: driver.version: RemoteWebDriver
                     Session ID: 71c860b0-1f61-43a0-a12a-da60a272dcaa
                     
                  </a>
                  Â 
                  
               </td>
            </tr>
            <tr>
               <td colspan="4" class="detailsBox">
                  <div id="com.MyOVS.PersonalAdministration.Family_Member_familyMember_byClass_FAIL3_details"
                       class="testMethodDetails">
                     <div>
                        <b>Name: </b>familyMember
                     </div>
                     <div>
                        <b>Description: </b>Adding a Family member
                     </div>
                     <div>
                        <b>Signature: </b>familyMember()
                     </div>
                     <div>
                        <b>Start time: </b>15:20:28
                     </div>
                     <div>
                        <b>End time: </b>15:21:41
                     </div>
                     <div>
                        <b>Duration: </b>1m
                        12s
                        
                     </div>
                  </div>
               </td>
            </tr>
            <tr>
               <td colspan="4" class="detailsBox">
                  <div id="com.MyOVS.PersonalAdministration.Family_Member_familyMember_byClass_FAIL3_exception"
                       class="testMethodDetails">
                     <pre style="padding: 5px; margin: 0;">org.openqa.selenium.NoSuchElementException: Unable to locate element: {"method":"xpath","selector":"//div[contains(@id, 'Samuel
                        John4')]"}
                        Command duration or timeout: 20.04 seconds
                        For documentation on this error, please visit: http://seleniumhq.org/exceptions/no_such_element.html
                        Build info: version: '2.25.0', revision: '17482', time: '2012-07-18 21:09:54'
                        System info: os.name: 'Windows 7', os.arch: 'amd64', os.version: '6.1', java.version: '1.7.0_02'
                        Driver info: driver.version: RemoteWebDriver
                        Session ID: 71c860b0-1f61-43a0-a12a-da60a272dcaa
                        	at sun.reflect.NativeConstructorAccessorImpl.newInstance0(Native Method)
                        	at sun.reflect.NativeConstructorAccessorImpl.newInstance(NativeConstructorAccessorImpl.java:57)
                        	at sun.reflect.DelegatingConstructorAccessorImpl.newInstance(DelegatingConstructorAccessorImpl.java:45)
                        	at java.lang.reflect.Constructor.newInstance(Constructor.java:525)
                        	at org.openqa.selenium.remote.ErrorHandler.createThrowable(ErrorHandler.java:188)
                        	at org.openqa.selenium.remote.ErrorHandler.throwIfResponseFailed(ErrorHandler.java:145)
                        	at org.openqa.selenium.remote.RemoteWebDriver.execute(RemoteWebDriver.java:498)
                        	at org.openqa.selenium.remote.RemoteWebDriver.findElement(RemoteWebDriver.java:268)
                        	at org.openqa.selenium.remote.RemoteWebDriver.findElementByXPath(RemoteWebDriver.java:353)
                        	at org.openqa.selenium.By$ByXPath.findElement(By.java:343)
                        	at org.openqa.selenium.remote.RemoteWebDriver.findElement(RemoteWebDriver.java:260)
                        	at com.MyOVS.PersonalAdministration.Family_Member.familyMember(Family_Member.java:118)
                        	at sun.reflect.NativeMethodAccessorImpl.invoke0(Native Method)
                        	at sun.reflect.NativeMethodAccessorImpl.invoke(NativeMethodAccessorImpl.java:57)
                        	at sun.reflect.DelegatingMethodAccessorImpl.invoke(DelegatingMethodAccessorImpl.java:43)
                        	at java.lang.reflect.Method.invoke(Method.java:601)
                        	at org.testng.internal.MethodInvocationHelper.invokeMethod(MethodInvocationHelper.java:76)
                        	at org.testng.internal.Invoker.invokeMethod(Invoker.java:673)
                        	at org.testng.internal.Invoker.invokeTestMethod(Invoker.java:846)
                        	at org.testng.internal.Invoker.invokeTestMethods(Invoker.java:1170)
                        	at org.testng.internal.TestMethodWorker.invokeTestMethods(TestMethodWorker.java:125)
                        	at org.testng.internal.TestMethodWorker.run(TestMethodWorker.java:109)
                        	at org.testng.TestRunner.runWorkers(TestRunner.java:1147)
                        	at org.testng.TestRunner.privateRun(TestRunner.java:749)
                        	at org.testng.TestRunner.run(TestRunner.java:600)
                        	at org.testng.SuiteRunner.runTest(SuiteRunner.java:317)
                        	at org.testng.SuiteRunner.runSequentially(SuiteRunner.java:312)
                        	at org.testng.SuiteRunner.privateRun(SuiteRunner.java:274)
                        	at org.testng.SuiteRunner.run(SuiteRunner.java:223)
                        	at org.testng.SuiteRunnerWorker.runSuite(SuiteRunnerWorker.java:52)
                        	at org.testng.SuiteRunnerWorker.run(SuiteRunnerWorker.java:86)
                        	at org.testng.TestNG.runSuitesSequentially(TestNG.java:1039)
                        	at org.testng.TestNG.runSuitesSequentially(TestNG.java:1035)
                        	at org.testng.TestNG.runSuitesLocally(TestNG.java:964)
                        	at org.testng.TestNG.run(TestNG.java:900)
                        	at org.testng.TestNG.privateMain(TestNG.java:1182)
                        	at org.testng.TestNG.main(TestNG.java:1146)
                        Caused by: org.openqa.selenium.remote.ErrorHandler$UnknownServerException: Unable to locate element: {"method":"xpath","selector":"//div[contains(@id,
                        'Samuel John4')]"}
                        Build info: version: '2.25.0', revision: '17482', time: '2012-07-18 21:09:54'
                        System info: os.name: 'Windows 7', os.arch: 'amd64', os.version: '6.1', java.version: '1.7.0_02'
                        Driver info: driver.version: unknown
                        	at &lt;anonymous class&gt;.&lt;anonymous method&gt;(file:///C:/Users/SUREND~1.CHE/AppData/Local/Temp/anonymous7965534240370356202webdriver-profile/extensions/fxdriver@googlecode.com/components/driver_component.js:6607)
                        	at &lt;anonymous class&gt;.&lt;anonymous method&gt;(file:///C:/Users/SUREND~1.CHE/AppData/Local/Temp/anonymous7965534240370356202webdriver-profile/extensions/fxdriver@googlecode.com/components/driver_component.js:471)
                     </pre>
                  </div>
               </td>
            </tr>
            <tr id="com.MyOVS.PersonalAdministration.Family_Member_reporter_byClass_PASS4_row"
                class="testMethodStatusPASS testMethodStatusCONF">
               <td width="100%" class="firstMethodCell">
                  <a onclick="toggleDetailsVisibility('com.MyOVS.PersonalAdministration.Family_Member_reporter_byClass_PASS4_details')">reporter()</a>
               </td>
               <td nowrap="true">15:21:41</td>
               <td nowrap="true" align="right">65Â ms
                  
               </td>
               <td nowrap="true">
                  Â 
                  
               </td>
            </tr>
            <tr>
               <td colspan="4" class="detailsBox">
                  <div id="com.MyOVS.PersonalAdministration.Family_Member_reporter_byClass_PASS4_details"
                       class="testMethodDetails">
                     <div>
                        <b>Name: </b>reporter
                     </div>
                     <div>
                        <b>Signature: </b>reporter()
                     </div>
                     <div>
                        <b>Start time: </b>15:21:41
                     </div>
                     <div>
                        <b>End time: </b>15:21:41
                     </div>
                     <div>
                        <b>Duration: </b>65Â ms
                        
                     </div>
                  </div>
               </td>
            </tr>
            <tr></tr>
            <tr id="com.MyOVS.PersonalAdministration.Family_Member_reportTestResult_byClass_PASS5_row"
                class="testMethodStatusPASS testMethodStatusCONF">
               <td width="100%" class="firstMethodCell">
                  <a onclick="toggleDetailsVisibility('com.MyOVS.PersonalAdministration.Family_Member_reportTestResult_byClass_PASS5_details')">reportTestResult()</a>
               </td>
               <td nowrap="true">15:21:41</td>
               <td nowrap="true" align="right">643Â ms
                  
               </td>
               <td nowrap="true">
                  Â 
                  
               </td>
            </tr>
            <tr>
               <td colspan="4" class="detailsBox">
                  <div id="com.MyOVS.PersonalAdministration.Family_Member_reportTestResult_byClass_PASS5_details"
                       class="testMethodDetails">
                     <div>
                        <b>Name: </b>reportTestResult
                     </div>
                     <div>
                        <b>Signature: </b>reportTestResult()
                     </div>
                     <div>
                        <b>Start time: </b>15:21:41
                     </div>
                     <div>
                        <b>End time: </b>15:21:42
                     </div>
                     <div>
                        <b>Duration: </b>643Â ms
                        
                     </div>
                  </div>
               </td>
            </tr>
            <tr></tr>
         </table>
         <br></br>
      </div>
      <div style="margin-top: 15px; color: gray; text-align: center; font-size: 9px;">
         Generated with
         
         <a href="http://code.google.com/p/testng-xslt/" style="color: #8888aa;"
            target="_blank">
            TestNG XSLT
            
         </a>
      </div>
   </body>
</html>